<?xml version="1.0" encoding="utf-8"?><testsuites name="pytest tests"><testsuite name="pytest" errors="0" failures="0" skipped="0" tests="23" time="3.705" timestamp="2026-07-14T19:52:42.336398+00:00" hostname="agent-env-8ea18e02-72d4-45ef-96f8-97a5dfdce0e2"><testcase classname="tests.backend_test.TestEvaluate" name="test_prod_delete_blocks" time="0.687" /><testcase classname="tests.backend_test.TestAuth" name="test_admin_login" time="0.680" /><testcase classname="tests.backend_test.TestAuth" name="test_login_invalid" time="0.351" /><testcase classname="tests.backend_test.TestEvaluate" name="test_customers_read_modifies" time="0.071" /><testcase classname="tests.backend_test.TestEvaluate" name="test_public_docs_allow" time="0.275" /><testcase classname="tests.backend_test.TestAuth" name="test_register_new_org_and_empty_state" time="0.508" /><testcase classname="tests.backend_test.TestEvaluate" name="test_high_risk_write_escalates" time="0.321" /><testcase classname="tests.backend_test.TestEvaluate" name="test_unknown_agent_404" time="0.037" /><testcase classname="tests.backend_test.TestAgents" name="test_admin_has_seeded_agents" time="0.037" /><testcase classname="tests.backend_test.TestAgents" name="test_create_and_get_agent" time="0.176" /><testcase classname="tests.backend_test.TestAuth" name="test_duplicate_registration_fails" time="0.111" /><testcase classname="tests.backend_test.TestAgents" name="test_delete_agent" time="0.177" /><testcase classname="tests.backend_test.TestAuth" name="test_me_without_auth" time="0.125" /><testcase classname="tests.backend_test.TestPolicies" name="test_admin_seeded_policies_ordered_by_priority" time="0.035" /><testcase classname="tests.backend_test.TestPolicies" name="test_create_toggle_delete_policy" time="0.446" /><testcase classname="tests.backend_test.TestAgents" name="test_cross_tenant_isolation" time="0.885" /><testcase classname="tests.backend_test.TestPolicies" name="test_policy_cross_tenant" time="0.445" /><testcase classname="tests.backend_test.TestAudit" name="test_list_decisions_with_filters" time="0.109" /><testcase classname="tests.backend_test" name="test_health" time="0.126" /><testcase classname="tests.backend_test.TestAudit" name="test_get_decision_and_cross_tenant" time="0.164" /><testcase classname="tests.backend_test.TestSimulate" name="test_simulate_creates_rows" time="0.125" /><testcase classname="tests.backend_test.TestEscalations" name="test_list_and_decide" time="0.196" /><testcase classname="tests.backend_test.TestAnalytics" name="test_overview_shape" time="0.049" /></testsuite></testsuites>