<?xml version="1.0" encoding="utf-8"?><testsuites name="pytest tests"><testsuite name="pytest" errors="0" failures="1" skipped="0" tests="35" time="4.445" timestamp="2026-07-14T20:36:22.738674+00:00" hostname="agent-env-8ea18e02-72d4-45ef-96f8-97a5dfdce0e2"><testcase classname="tests.backend_test_v2.TestConnectors" name="test_create_all_kinds[postgres]" time="0.509" /><testcase classname="tests.backend_test_v2.TestCompliance" name="test_report_all_frameworks[soc2]" time="0.509" /><testcase classname="tests.backend_test_v2.TestConnectors" name="test_create_all_kinds[mongodb]" time="0.044" /><testcase classname="tests.backend_test_v2.TestCompliance" name="test_report_all_frameworks[iso27001]" time="0.046" /><testcase classname="tests.backend_test_v2.TestConnectors" name="test_create_all_kinds[surrealdb]" time="0.044" /><testcase classname="tests.backend_test_v2.TestCompliance" name="test_report_all_frameworks[gdpr]" time="0.046" /><testcase classname="tests.backend_test_v2.TestConnectors" name="test_create_all_kinds[redis]" time="0.044" /><testcase classname="tests.backend_test_v2.TestCompliance" name="test_report_all_frameworks[hipaa]" time="0.046" /><testcase classname="tests.backend_test_v2.TestConnectors" name="test_create_all_kinds[pinecone]" time="0.044" /><testcase classname="tests.backend_test_v2.TestCompliance" name="test_csv_export[soc2]" time="0.047" /><testcase classname="tests.backend_test_v2.TestConnectors" name="test_create_all_kinds[qdrant]" time="0.044" /><testcase classname="tests.backend_test_v2.TestCompliance" name="test_csv_export[iso27001]" time="0.046" /><testcase classname="tests.backend_test_v2.TestConnectors" name="test_create_all_kinds[rest]" time="0.045" /><testcase classname="tests.backend_test_v2.TestCompliance" name="test_csv_export[gdpr]" time="0.047" /><testcase classname="tests.backend_test_v2.TestConnectors" name="test_test_endpoint_updates_status" time="0.965" /><testcase classname="tests.backend_test_v2.TestCompliance" name="test_csv_export[hipaa]" time="0.048" /><testcase classname="tests.backend_test_v2.TestCompliance" name="test_unknown_framework" time="0.049" /><testcase classname="tests.backend_test_v2.TestApiKeys" name="test_create_returns_secret_only_once" time="0.087" /><testcase classname="tests.backend_test_v2.TestApiKeys" name="test_rotate_returns_new_secret" time="0.087" /><testcase classname="tests.backend_test_v2.TestApiKeys" name="test_revoke_removes_from_list" time="0.132" /><testcase classname="tests.backend_test_v2.TestApiKeys" name="test_editor_cannot_create_key" time="0.541" /><testcase classname="tests.backend_test_v2.TestMembers" name="test_email_uniqueness" time="0.315" /><testcase classname="tests.backend_test_v2.TestWebhooks" name="test_crud_and_test" time="1.520" /><testcase classname="tests.backend_test_v2.TestMembers" name="test_viewer_cannot_create_policy" time="0.547"><failure message="Failed: viewer should not be able to create policies, got 200">backend/tests/backend_test_v2.py:236: in test_viewer_cannot_create_policy
    pytest.fail(f"viewer should not be able to create policies, got {r.status_code}")
E   Failed: viewer should not be able to create policies, got 200</failure></testcase><testcase classname="tests.backend_test_v2.TestMembers" name="test_editor_can_create_policy" time="0.549" /><testcase classname="tests.backend_test_v2.TestMembers" name="test_cannot_demote_owner" time="0.047" /><testcase classname="tests.backend_test_v2.TestMembers" name="test_can_demote_editor_to_viewer" time="0.086" /><testcase classname="tests.backend_test_v2.TestWebhooks" name="test_unreachable_test_returns_gracefully" time="0.110" /><testcase classname="tests.backend_test_v2.TestMembers" name="test_cannot_remove_owner" time="0.109" /><testcase classname="tests.backend_test_v2.TestWebSocket" name="test_ws_hello_and_decision_stream" time="0.107" /><testcase classname="tests.backend_test_v2.TestMembers" name="test_cannot_remove_self" time="0.086" /><testcase classname="tests.backend_test_v2.TestWebSocket" name="test_ws_bad_token_closes" time="0.002" /><testcase classname="tests.backend_test_v2.TestHeatmap" name="test_heatmap_shape" time="0.186" /><testcase classname="tests.backend_test_v2.TestPolicyVersioning" name="test_patch_snapshots_and_rollback" time="0.302" /><testcase classname="tests.backend_test_v2.TestExplainability" name="test_evaluate_returns_trace" time="0.090" /></testsuite></testsuites>